0 info it worked if it ends with ok
1 verbose cli [ '/usr/bin/nodejs',
1 verbose cli   '/usr/bin/npm',
1 verbose cli   'install',
1 verbose cli   'node',
1 verbose cli   'server.js' ]
2 info using npm@3.10.10
3 info using node@v7.2.1
4 silly loadCurrentTree Starting
5 silly install loadCurrentTree
6 silly install readLocalPackageData
7 silly fetchPackageMetaData node
8 silly fetchPackageMetaData server.js
9 silly fetchNamedPackageData node
10 silly mapToRegistry name node
11 silly mapToRegistry using default registry
12 silly mapToRegistry registry https://registry.npmjs.org/
13 silly mapToRegistry data Result {
13 silly mapToRegistry   raw: 'node',
13 silly mapToRegistry   scope: null,
13 silly mapToRegistry   escapedName: 'node',
13 silly mapToRegistry   name: 'node',
13 silly mapToRegistry   rawSpec: '',
13 silly mapToRegistry   spec: 'latest',
13 silly mapToRegistry   type: 'tag' }
14 silly mapToRegistry uri https://registry.npmjs.org/node
15 silly fetchNamedPackageData server.js
16 silly mapToRegistry name server.js
17 silly mapToRegistry using default registry
18 silly mapToRegistry registry https://registry.npmjs.org/
19 silly mapToRegistry data Result {
19 silly mapToRegistry   raw: 'server.js',
19 silly mapToRegistry   scope: null,
19 silly mapToRegistry   escapedName: 'server.js',
19 silly mapToRegistry   name: 'server.js',
19 silly mapToRegistry   rawSpec: '',
19 silly mapToRegistry   spec: 'latest',
19 silly mapToRegistry   type: 'tag' }
20 silly mapToRegistry uri https://registry.npmjs.org/server.js
21 verbose request uri https://registry.npmjs.org/node
22 verbose request no auth needed
23 info attempt registry request try #1 at 8:20:49 PM
24 verbose request id c56b2e38dc3a0136
25 http request GET https://registry.npmjs.org/node
26 verbose request uri https://registry.npmjs.org/server.js
27 verbose request no auth needed
28 info attempt registry request try #1 at 8:20:49 PM
29 http request GET https://registry.npmjs.org/server.js
30 http 200 https://registry.npmjs.org/server.js
31 verbose headers { server: 'nginx/1.10.1',
31 verbose headers   'content-type': 'application/json',
31 verbose headers   'last-modified': 'Mon, 30 May 2016 23:40:46 GMT',
31 verbose headers   etag: 'W/"574ccf7e-1a0"',
31 verbose headers   'content-encoding': 'gzip',
31 verbose headers   'cache-control': 'max-age=300',
31 verbose headers   'content-length': '243',
31 verbose headers   'accept-ranges': 'bytes',
31 verbose headers   date: 'Wed, 28 Dec 2016 14:50:50 GMT',
31 verbose headers   via: '1.1 varnish',
31 verbose headers   age: '0',
31 verbose headers   connection: 'keep-alive',
31 verbose headers   'x-served-by': 'cache-lcy1141-LCY',
31 verbose headers   'x-cache': 'MISS',
31 verbose headers   'x-cache-hits': '0',
31 verbose headers   'x-timer': 'S1482936650.555490,VS0,VE17',
31 verbose headers   vary: 'Accept-Encoding' }
32 silly get cb [ 200,
32 silly get   { server: 'nginx/1.10.1',
32 silly get     'content-type': 'application/json',
32 silly get     'last-modified': 'Mon, 30 May 2016 23:40:46 GMT',
32 silly get     etag: 'W/"574ccf7e-1a0"',
32 silly get     'content-encoding': 'gzip',
32 silly get     'cache-control': 'max-age=300',
32 silly get     'content-length': '243',
32 silly get     'accept-ranges': 'bytes',
32 silly get     date: 'Wed, 28 Dec 2016 14:50:50 GMT',
32 silly get     via: '1.1 varnish',
32 silly get     age: '0',
32 silly get     connection: 'keep-alive',
32 silly get     'x-served-by': 'cache-lcy1141-LCY',
32 silly get     'x-cache': 'MISS',
32 silly get     'x-cache-hits': '0',
32 silly get     'x-timer': 'S1482936650.555490,VS0,VE17',
32 silly get     vary: 'Accept-Encoding' } ]
33 verbose get saving server.js to /home/ritzlinux/.npm/registry.npmjs.org/server.js/.cache.json
34 verbose correctMkdir /home/ritzlinux/.npm correctMkdir not in flight; initializing
35 http 200 https://registry.npmjs.org/node
36 verbose headers { server: 'nginx/1.10.1',
36 verbose headers   'content-type': 'application/json',
36 verbose headers   'last-modified': 'Tue, 13 Oct 2015 00:37:12 GMT',
36 verbose headers   etag: 'W/"561c5238-43d"',
36 verbose headers   'content-encoding': 'gzip',
36 verbose headers   'cache-control': 'max-age=300',
36 verbose headers   'content-length': '550',
36 verbose headers   'accept-ranges': 'bytes',
36 verbose headers   date: 'Wed, 28 Dec 2016 14:50:50 GMT',
36 verbose headers   via: '1.1 varnish',
36 verbose headers   age: '144',
36 verbose headers   connection: 'keep-alive',
36 verbose headers   'x-served-by': 'cache-lcy1135-LCY',
36 verbose headers   'x-cache': 'HIT',
36 verbose headers   'x-cache-hits': '1',
36 verbose headers   'x-timer': 'S1482936650.585976,VS0,VE0',
36 verbose headers   vary: 'Accept-Encoding' }
37 silly get cb [ 200,
37 silly get   { server: 'nginx/1.10.1',
37 silly get     'content-type': 'application/json',
37 silly get     'last-modified': 'Tue, 13 Oct 2015 00:37:12 GMT',
37 silly get     etag: 'W/"561c5238-43d"',
37 silly get     'content-encoding': 'gzip',
37 silly get     'cache-control': 'max-age=300',
37 silly get     'content-length': '550',
37 silly get     'accept-ranges': 'bytes',
37 silly get     date: 'Wed, 28 Dec 2016 14:50:50 GMT',
37 silly get     via: '1.1 varnish',
37 silly get     age: '144',
37 silly get     connection: 'keep-alive',
37 silly get     'x-served-by': 'cache-lcy1135-LCY',
37 silly get     'x-cache': 'HIT',
37 silly get     'x-cache-hits': '1',
37 silly get     'x-timer': 'S1482936650.585976,VS0,VE0',
37 silly get     vary: 'Accept-Encoding' } ]
38 verbose get saving node to /home/ritzlinux/.npm/registry.npmjs.org/node/.cache.json
39 verbose correctMkdir /home/ritzlinux/.npm correctMkdir already in flight; waiting
40 verbose stack TypeError: Cannot convert undefined or null to object
40 verbose stack     at Function.keys (<anonymous>)
40 verbose stack     at pickVersionFromRegistryDocument (/usr/lib/node_modules/npm/lib/fetch-package-metadata.js:125:29)
40 verbose stack     at /usr/lib/node_modules/npm/node_modules/iferr/index.js:13:50
40 verbose stack     at /usr/lib/node_modules/npm/lib/utils/pulse-till-done.js:20:8
40 verbose stack     at saved (/usr/lib/node_modules/npm/lib/cache/caching-client.js:174:7)
40 verbose stack     at /usr/lib/node_modules/npm/node_modules/graceful-fs/polyfills.js:241:18
40 verbose stack     at FSReqWrap.oncomplete (fs.js:111:15)
41 verbose cwd /home/ritzlinux/Documents/cs_projects/My_computer_projects/Recipe-blog-using-MEAN-stack/public
42 error Linux 4.4.0-57-generic
43 error argv "/usr/bin/nodejs" "/usr/bin/npm" "install" "node" "server.js"
44 error node v7.2.1
45 error npm  v3.10.10
46 error Cannot convert undefined or null to object
47 error If you need help, you may report this error at:
47 error     <https://github.com/npm/npm/issues>
48 verbose exit [ 1, true ]
